[debug] [2021-06-08T17:09:34.581Z] ----------------------------------------------------------------------
[debug] [2021-06-08T17:09:34.583Z] Command:       C:\Program Files\nodejs\node.exe C:\Users\solme\AppData\Roaming\npm\node_modules\firebase-tools\lib\bin\firebase.js init
[debug] [2021-06-08T17:09:34.583Z] CLI Version:   9.12.1
[debug] [2021-06-08T17:09:34.583Z] Platform:      win32
[debug] [2021-06-08T17:09:34.584Z] Node Version:  v14.16.0
[debug] [2021-06-08T17:09:34.584Z] Time:          Tue Jun 08 2021 10:09:34 GMT-0700 (Pacific Daylight Time)
[debug] [2021-06-08T17:09:34.585Z] ----------------------------------------------------------------------
[debug] 
[debug] [2021-06-08T17:09:34.598Z] > command requires scopes: ["email","openid","https://www.googleapis.com/auth/cloudplatformprojects.readonly","https://www.googleapis.com/auth/firebase","https://www.googleapis.com/auth/cloud-platform"]
[debug] [2021-06-08T17:09:34.598Z] > authorizing via signed-in user (tinaasheber544@gmail.com)
[info] 
     ######## #### ########  ######## ########     ###     ######  ########
     ##        ##  ##     ## ##       ##     ##  ##   ##  ##       ##
     ######    ##  ########  ######   ########  #########  ######  ######
     ##        ##  ##    ##  ##       ##     ## ##     ##       ## ##
     ##       #### ##     ## ######## ########  ##     ##  ######  ########

You're about to initialize a Firebase project in this directory:

  C:\Users\solme\Desktop\Evangadi Fullstack dec19 class\Phase 2\Class 8\Jquery practice\AppleNewJquerryToggle\Apple_With_Bootstrap

[info] 
=== Project Setup
[info] 
[info] First, let's associate this project directory with a Firebase project.
[info] You can create multiple project aliases by running firebase use --add, 
[info] but for now we'll just set up a default project.
[info] 
[debug] [2021-06-08T17:09:57.570Z] >>> [apiv2][query] GET https://firebase.googleapis.com/v1beta1/projects pageSize=100
[debug] [2021-06-08T17:09:57.875Z] <<< [apiv2][status] GET https://firebase.googleapis.com/v1beta1/projects 200
[debug] [2021-06-08T17:09:57.875Z] <<< [apiv2][body] GET https://firebase.googleapis.com/v1beta1/projects [omitted]
